museumUn/build/outputs/logs/manifest-merger-debug-report.txt
-- Merging decision tree log ---
manifest
ADDED from src\main\AndroidManifest.xml:15:1-94:12
	package
		ADDED from src\main\AndroidManifest.xml:16:5-35
		INJECTED from src\main\AndroidManifest.xml
		INJECTED from src\main\AndroidManifest.xml
	android:versionName
		ADDED from src\main\AndroidManifest.xml:19:5-30
		INJECTED from src\main\AndroidManifest.xml
		INJECTED from src\main\AndroidManifest.xml
	android:versionCode
		ADDED from src\main\AndroidManifest.xml:18:5-28
		INJECTED from src\main\AndroidManifest.xml
		INJECTED from src\main\AndroidManifest.xml
	xmlns:android
		ADDED from src\main\AndroidManifest.xml:15:11-69
	android:installLocation
		ADDED from src\main\AndroidManifest.xml:17:5-45
uses-sdk
ADDED from src\main\AndroidManifest.xml:20:5-22:41
MERGED from [MuseumUn:gvrpermissionsupportrelease:unspecified] AndroidManifest.xml:7:5-9:41
MERGED from [MuseumUn:gvr_android_common:unspecified] AndroidManifest.xml:5:5-7:41
MERGED from [MuseumUn:oVRPlugin:unspecified] AndroidManifest.xml:7:5-9:41
MERGED from [MuseumUn:unitygvractivity:unspecified] AndroidManifest.xml:5:5-7:41
MERGED from [com.android.support:appcompat-v7:25.3.1] AndroidManifest.xml:21:5-23:78
MERGED from [com.android.support:support-v4:25.3.1] AndroidManifest.xml:21:5-23:54
MERGED from [com.android.support:support-fragment:25.3.1] AndroidManifest.xml:21:5-23:60
MERGED from [com.android.support:support-media-compat:25.3.1] AndroidManifest.xml:21:5-23:63
MERGED from [com.android.support:support-core-ui:25.3.1] AndroidManifest.xml:21:5-23:58
MERGED from [com.android.support:support-core-utils:25.3.1] AndroidManifest.xml:21:5-23:61
MERGED from [com.android.support:animated-vector-drawable:25.3.1] AndroidManifest.xml:20:5-44
MERGED from [com.android.support:support-vector-drawable:25.3.1] AndroidManifest.xml:20:5-43
MERGED from [com.android.support:support-compat:25.3.1] AndroidManifest.xml:21:5-23:58
	tools:overrideLibrary
		ADDED from [com.android.support:appcompat-v7:25.3.1] AndroidManifest.xml:23:9-75
	android:targetSdkVersion
		ADDED from src\main\AndroidManifest.xml:22:9-38
	android:minSdkVersion
		ADDED from src\main\AndroidManifest.xml:21:9-35
		INJECTED from src\main\AndroidManifest.xml
		INJECTED from src\main\AndroidManifest.xml
uses-feature#0x00020000
ADDED from src\main\AndroidManifest.xml:24:5-54
	android:glEsVersion
		ADDED from src\main\AndroidManifest.xml:24:19-51
uses-feature#android.hardware.sensor.accelerometer
ADDED from src\main\AndroidManifest.xml:25:5-27:35
	android:required
		ADDED from src\main\AndroidManifest.xml:27:9-32
	android:name
		ADDED from src\main\AndroidManifest.xml:26:9-61
uses-feature#android.hardware.sensor.gyroscope
ADDED from src\main\AndroidManifest.xml:28:5-30:35
	android:required
		ADDED from src\main\AndroidManifest.xml:30:9-32
	android:name
		ADDED from src\main\AndroidManifest.xml:29:9-57
uses-feature#android.software.leanback
ADDED from src\main\AndroidManifest.xml:31:5-87
	android:required
		ADDED from src\main\AndroidManifest.xml:31:60-84
	android:name
		ADDED from src\main\AndroidManifest.xml:31:19-59
uses-permission#android.permission.NFC
ADDED from src\main\AndroidManifest.xml:33:5-62
	android:name
		ADDED from src\main\AndroidManifest.xml:33:22-59
uses-permission#android.permission.READ_EXTERNAL_STORAGE
ADDED from src\main\AndroidManifest.xml:34:5-80
MERGED from [MuseumUn:oVRPlugin:unspecified] AndroidManifest.xml:13:5-80
	android:name
		ADDED from src\main\AndroidManifest.xml:34:22-77
uses-permission#android.permission.INTERNET
ADDED from src\main\AndroidManifest.xml:35:5-67
MERGED from [MuseumUn:oVRPlugin:unspecified] AndroidManifest.xml:11:5-67
	android:name
		ADDED from src\main\AndroidManifest.xml:35:22-64
uses-feature#android.software.vr.mode
ADDED from src\main\AndroidManifest.xml:37:5-39:36
	android:required
		ADDED from src\main\AndroidManifest.xml:39:9-33
	android:name
		ADDED from src\main\AndroidManifest.xml:38:9-48
uses-feature#android.hardware.vr.high_performance
ADDED from src\main\AndroidManifest.xml:40:5-42:36
	android:required
		ADDED from src\main\AndroidManifest.xml:42:9-33
	android:name
		ADDED from src\main\AndroidManifest.xml:41:9-60
uses-feature#android.hardware.touchscreen
ADDED from src\main\AndroidManifest.xml:43:5-45:36
	android:required
		ADDED from src\main\AndroidManifest.xml:45:9-33
	android:name
		ADDED from src\main\AndroidManifest.xml:44:9-52
uses-feature#android.hardware.touchscreen.multitouch
ADDED from src\main\AndroidManifest.xml:46:5-48:36
	android:required
		ADDED from src\main\AndroidManifest.xml:48:9-33
	android:name
		ADDED from src\main\AndroidManifest.xml:47:9-63
uses-feature#android.hardware.touchscreen.multitouch.distinct
ADDED from src\main\AndroidManifest.xml:49:5-51:36
	android:required
		ADDED from src\main\AndroidManifest.xml:51:9-33
	android:name
		ADDED from src\main\AndroidManifest.xml:50:9-72
application
ADDED from src\main\AndroidManifest.xml:54:5-92:19
MERGED from [MuseumUn:gvrpermissionsupportrelease:unspecified] AndroidManifest.xml:11:5-27:19
MERGED from [MuseumUn:oVRPlugin:unspecified] AndroidManifest.xml:15:5-22:19
MERGED from [com.android.support:appcompat-v7:25.3.1] AndroidManifest.xml:29:5-20
MERGED from [com.android.support:support-v4:25.3.1] AndroidManifest.xml:29:5-20
MERGED from [com.android.support:support-fragment:25.3.1] AndroidManifest.xml:29:5-20
MERGED from [com.android.support:support-media-compat:25.3.1] AndroidManifest.xml:29:5-20
MERGED from [com.android.support:support-core-ui:25.3.1] AndroidManifest.xml:29:5-20
MERGED from [com.android.support:support-core-utils:25.3.1] AndroidManifest.xml:29:5-20
MERGED from [com.android.support:animated-vector-drawable:25.3.1] AndroidManifest.xml:26:5-20
MERGED from [com.android.support:support-vector-drawable:25.3.1] AndroidManifest.xml:26:5-20
MERGED from [com.android.support:support-compat:25.3.1] AndroidManifest.xml:29:5-20
	android:label
		ADDED from src\main\AndroidManifest.xml:58:9-41
	android:supportsRtl
		ADDED from [MuseumUn:gvrpermissionsupportrelease:unspecified] AndroidManifest.xml:14:9-35
	android:icon
		ADDED from src\main\AndroidManifest.xml:56:9-42
	android:allowBackup
		ADDED from [MuseumUn:gvrpermissionsupportrelease:unspecified] AndroidManifest.xml:12:9-35
	android:banner
		ADDED from src\main\AndroidManifest.xml:55:9-46
	android:theme
		ADDED from [MuseumUn:oVRPlugin:unspecified] AndroidManifest.xml:18:9-73
	android:isGame
		ADDED from src\main\AndroidManifest.xml:57:9-30
activity#com.google.unity.GoogleUnityActivity
ADDED from src\main\AndroidManifest.xml:60:9-76:20
	android:screenOrientation
		ADDED from src\main\AndroidManifest.xml:66:13-56
	android:label
		ADDED from src\main\AndroidManifest.xml:63:13-45
	android:launchMode
		ADDED from src\main\AndroidManifest.xml:65:13-44
	android:configChanges
		ADDED from src\main\AndroidManifest.xml:62:13-170
	android:name
		ADDED from src\main\AndroidManifest.xml:61:13-64
intent-filter#android.intent.category.LEANBACK_LAUNCHER+com.google.intent.category.CARDBOARD
ADDED from src\main\AndroidManifest.xml:67:13-70:29
category#com.google.intent.category.CARDBOARD
ADDED from src\main\AndroidManifest.xml:68:17-81
	android:name
		ADDED from src\main\AndroidManifest.xml:68:27-78
category#android.intent.category.LEANBACK_LAUNCHER
ADDED from src\main\AndroidManifest.xml:69:17-86
	android:name
		ADDED from src\main\AndroidManifest.xml:69:27-83
meta-data#unityplayer.UnityActivity
ADDED from src\main\AndroidManifest.xml:72:13-75:62
	android:screenOrientation
		ADDED from src\main\AndroidManifest.xml:75:17-60
	android:value
		ADDED from src\main\AndroidManifest.xml:74:17-37
	android:name
		ADDED from src\main\AndroidManifest.xml:73:17-57
activity#com.Company.MuseumUn.MainActivity
ADDED from src\main\AndroidManifest.xml:77:9-83:20
	android:name
		ADDED from src\main\AndroidManifest.xml:77:19-47
intent-filter#android.intent.action.MAIN+android.intent.category.LAUNCHER
ADDED from src\main\AndroidManifest.xml:78:13-82:29
action#android.intent.action.MAIN
ADDED from src\main\AndroidManifest.xml:79:17-69
	android:name
		ADDED from src\main\AndroidManifest.xml:79:25-66
category#android.intent.category.LAUNCHER
ADDED from src\main\AndroidManifest.xml:81:17-77
	android:name
		ADDED from src\main\AndroidManifest.xml:81:27-74
activity#com.Company.MuseumUn.Instructions
ADDED from src\main\AndroidManifest.xml:84:9-50
	android:name
		ADDED from src\main\AndroidManifest.xml:84:19-47
activity#com.Company.MuseumUn.HallActivity
ADDED from src\main\AndroidManifest.xml:85:9-50
	android:name
		ADDED from src\main\AndroidManifest.xml:85:19-47
activity#com.Company.MuseumUn.About
ADDED from src\main\AndroidManifest.xml:86:9-43
	android:name
		ADDED from src\main\AndroidManifest.xml:86:19-40
meta-data#IMMERSIVE_MODE
ADDED from src\main\AndroidManifest.xml:88:9-90:36
	android:value
		ADDED from src\main\AndroidManifest.xml:90:13-33
	android:name
		ADDED from src\main\AndroidManifest.xml:89:13-42
activity#com.google.gvr.permissionsupport.TransitionVRActivity
ADDED from [MuseumUn:gvrpermissionsupportrelease:unspecified] AndroidManifest.xml:17:9-26:20
	android:enableVrMode
		ADDED from [MuseumUn:gvrpermissionsupportrelease:unspecified] AndroidManifest.xml:20:13-106
	android:label
		ADDED from [MuseumUn:gvrpermissionsupportrelease:unspecified] AndroidManifest.xml:21:13-45
	android:configChanges
		ADDED from [MuseumUn:gvrpermissionsupportrelease:unspecified] AndroidManifest.xml:19:13-59
	android:name
		ADDED from [MuseumUn:gvrpermissionsupportrelease:unspecified] AndroidManifest.xml:18:13-81
intent-filter#android.intent.category.LAUNCHER+com.google.intent.category.DAYDREAM
ADDED from [MuseumUn:gvrpermissionsupportrelease:unspecified] AndroidManifest.xml:22:13-25:29
category#com.google.intent.category.DAYDREAM
ADDED from [MuseumUn:gvrpermissionsupportrelease:unspecified] AndroidManifest.xml:24:17-80
	android:name
		ADDED from [MuseumUn:gvrpermissionsupportrelease:unspecified] AndroidManifest.xml:24:27-77
uses-permission#android.permission.WAKE_LOCK
ADDED from [MuseumUn:oVRPlugin:unspecified] AndroidManifest.xml:12:5-68
	android:name
		ADDED from [MuseumUn:oVRPlugin:unspecified] AndroidManifest.xml:12:22-65
meta-data#com.samsung.android.vr.application.mode
ADDED from [MuseumUn:oVRPlugin:unspecified] AndroidManifest.xml:19:9-21:39
	android:value
		ADDED from [MuseumUn:oVRPlugin:unspecified] AndroidManifest.xml:21:13-36
	android:name
		ADDED from [MuseumUn:oVRPlugin:unspecified] AndroidManifest.xml:20:13-67
meta-data#android.support.VERSION
ADDED from [com.android.support:appcompat-v7:25.3.1] AndroidManifest.xml:25:5-27:34
MERGED from [com.android.support:support-v4:25.3.1] AndroidManifest.xml:25:5-27:34
MERGED from [com.android.support:support-fragment:25.3.1] AndroidManifest.xml:25:5-27:34
MERGED from [com.android.support:support-media-compat:25.3.1] AndroidManifest.xml:25:5-27:34
MERGED from [com.android.support:support-core-ui:25.3.1] AndroidManifest.xml:25:5-27:34
MERGED from [com.android.support:support-core-utils:25.3.1] AndroidManifest.xml:25:5-27:34
MERGED from [com.android.support:animated-vector-drawable:25.3.1] AndroidManifest.xml:22:5-24:34
MERGED from [com.android.support:support-vector-drawable:25.3.1] AndroidManifest.xml:22:5-24:34
MERGED from [com.android.support:support-compat:25.3.1] AndroidManifest.xml:25:5-27:34
	android:value
		ADDED from [com.android.support:appcompat-v7:25.3.1] AndroidManifest.xml:27:9-31
	android:name
		ADDED from [com.android.support:appcompat-v7:25.3.1] AndroidManifest.xml:26:9-47